<?xml version="1.0" encoding="UTF-8"?>
<testng-results ignored="0" total="1" passed="1" failed="0" skipped="0">
  <reporter-output>
  </reporter-output>
  <suite started-at="2019-07-10T08:27:24Z" name="Default suite" finished-at="2019-07-10T08:29:49Z" duration-ms="145671">
    <groups>
    </groups>
    <test started-at="2019-07-10T08:27:24Z" name="Default test" finished-at="2019-07-10T08:29:49Z" duration-ms="145671">
      <class name="Test.Text">
        <test-method is-config="true" signature="setupDriver()[pri:0, instance:Test.Text@1fe20588]" started-at="2019-07-10T13:57:24Z" name="setupDriver" finished-at="2019-07-10T13:57:56Z" duration-ms="32391" status="PASS">
          <reporter-output>
          </reporter-output>
        </test-method> <!-- setupDriver -->
        <test-method signature="test01()[pri:0, instance:Test.Text@1fe20588]" started-at="2019-07-10T13:57:56Z" name="test01" finished-at="2019-07-10T13:59:43Z" duration-ms="107095" status="PASS">
          <reporter-output>
          </reporter-output>
        </test-method> <!-- test01 -->
        <test-method is-config="true" signature="endTest()[pri:0, instance:Test.Text@1fe20588]" started-at="2019-07-10T13:59:43Z" name="endTest" finished-at="2019-07-10T13:59:49Z" duration-ms="6043" status="PASS">
          <reporter-output>
          </reporter-output>
        </test-method> <!-- endTest -->
      </class> <!-- Test.Text -->
    </test> <!-- Default test -->
  </suite> <!-- Default suite -->
</testng-results>
